This is pdfTeX, Version 3.141592653-2.6-1.40.24 (TeX Live 2022) (preloaded format=pdflatex 2022.5.25)  28 AUG 2022 21:43
entering extended mode
 restricted \write18 enabled.
 %&-line parsing enabled.
**Essay.tex
(./Essay.tex
LaTeX2e <2021-11-15> patch level 1
L3 programming layer <2022-02-24>
(/usr/local/texlive/2022/texmf-dist/tex/latex/base/book.cls
Document Class: book 2021/10/04 v1.4n Standard LaTeX document class
(/usr/local/texlive/2022/texmf-dist/tex/latex/base/bk10.clo
File: bk10.clo 2021/10/04 v1.4n Standard LaTeX file (size option)
)
\c@part=\count185
\c@chapter=\count186
\c@section=\count187
\c@subsection=\count188
\c@subsubsection=\count189
\c@paragraph=\count190
\c@subparagraph=\count191
\c@figure=\count192
\c@table=\count193
\abovecaptionskip=\skip47
\belowcaptionskip=\skip48
\bibindent=\dimen138
)
(/usr/local/texlive/2022/texmf-dist/tex/latex/base/inputenc.sty
Package: inputenc 2021/02/14 v1.3d Input encoding file
\inpenc@prehook=\toks16
\inpenc@posthook=\toks17
)
(/usr/local/texlive/2022/texmf-dist/tex/latex/amsmath/amsmath.sty
Package: amsmath 2021/10/15 v2.17l AMS math features
\@mathmargin=\skip49

For additional information on amsmath, use the `?' option.
(/usr/local/texlive/2022/texmf-dist/tex/latex/amsmath/amstext.sty
Package: amstext 2021/08/26 v2.01 AMS text

(/usr/local/texlive/2022/texmf-dist/tex/latex/amsmath/amsgen.sty
File: amsgen.sty 1999/11/30 v2.0 generic functions
\@emptytoks=\toks18
\ex@=\dimen139
))
(/usr/local/texlive/2022/texmf-dist/tex/latex/amsmath/amsbsy.sty
Package: amsbsy 1999/11/29 v1.2d Bold Symbols
\pmbraise@=\dimen140
)
(/usr/local/texlive/2022/texmf-dist/tex/latex/amsmath/amsopn.sty
Package: amsopn 2021/08/26 v2.02 operator names
)
\inf@bad=\count194
LaTeX Info: Redefining \frac on input line 234.
\uproot@=\count195
\leftroot@=\count196
LaTeX Info: Redefining \overline on input line 399.
\classnum@=\count197
\DOTSCASE@=\count198
LaTeX Info: Redefining \ldots on input line 496.
LaTeX Info: Redefining \dots on input line 499.
LaTeX Info: Redefining \cdots on input line 620.
\Mathstrutbox@=\box50
\strutbox@=\box51
\big@size=\dimen141
LaTeX Font Info:    Redeclaring font encoding OML on input line 743.
LaTeX Font Info:    Redeclaring font encoding OMS on input line 744.
\macc@depth=\count199
\c@MaxMatrixCols=\count266
\dotsspace@=\muskip16
\c@parentequation=\count267
\dspbrk@lvl=\count268
\tag@help=\toks19
\row@=\count269
\column@=\count270
\maxfields@=\count271
\andhelp@=\toks20
\eqnshift@=\dimen142
\alignsep@=\dimen143
\tagshift@=\dimen144
\tagwidth@=\dimen145
\totwidth@=\dimen146
\lineht@=\dimen147
\@envbody=\toks21
\multlinegap=\skip50
\multlinetaggap=\skip51
\mathdisplay@stack=\toks22
LaTeX Info: Redefining \[ on input line 2938.
LaTeX Info: Redefining \] on input line 2939.
)
(/usr/local/texlive/2022/texmf-dist/tex/latex/amsfonts/amsfonts.sty
Package: amsfonts 2013/01/14 v3.01 Basic AMSFonts support
\symAMSa=\mathgroup4
\symAMSb=\mathgroup5
LaTeX Font Info:    Redeclaring math symbol \hbar on input line 98.
LaTeX Font Info:    Overwriting math alphabet `\mathfrak' in version `bold'
(Font)                  U/euf/m/n --> U/euf/b/n on input line 106.
)
(/usr/local/texlive/2022/texmf-dist/tex/latex/amsfonts/amssymb.sty
Package: amssymb 2013/01/14 v3.01 AMS font symbols
)
(/usr/local/texlive/2022/texmf-dist/tex/latex/graphics/graphicx.sty
Package: graphicx 2021/09/16 v1.2d Enhanced LaTeX Graphics (DPC,SPQR)

(/usr/local/texlive/2022/texmf-dist/tex/latex/graphics/keyval.sty
Package: keyval 2014/10/28 v1.15 key=value parser (DPC)
\KV@toks@=\toks23
)
(/usr/local/texlive/2022/texmf-dist/tex/latex/graphics/graphics.sty
Package: graphics 2021/03/04 v1.4d Standard LaTeX Graphics (DPC,SPQR)

(/usr/local/texlive/2022/texmf-dist/tex/latex/graphics/trig.sty
Package: trig 2021/08/11 v1.11 sin cos tan (DPC)
)
(/usr/local/texlive/2022/texmf-dist/tex/latex/graphics-cfg/graphics.cfg
File: graphics.cfg 2016/06/04 v1.11 sample graphics configuration
)
Package graphics Info: Driver file: pdftex.def on input line 107.

(/usr/local/texlive/2022/texmf-dist/tex/latex/graphics-def/pdftex.def
File: pdftex.def 2020/10/05 v1.2a Graphics/color driver for pdftex
))
\Gin@req@height=\dimen148
\Gin@req@width=\dimen149
)
(/usr/local/texlive/2022/texmf-dist/tex/latex/l3backend/l3backend-pdftex.def
File: l3backend-pdftex.def 2022-02-07 L3 backend support: PDF output (pdfTeX)
\l__color_backend_stack_int=\count272
\l__pdf_internal_box=\box52
)
(./Essay.aux

LaTeX Warning: Label `fig:my-label' multiply defined.


LaTeX Warning: Label `fig:my-label' multiply defined.


LaTeX Warning: Label `fig:my-label' multiply defined.


LaTeX Warning: Label `fig:my-label' multiply defined.


LaTeX Warning: Label `fig:my-label' multiply defined.


LaTeX Warning: Label `fig:my-label' multiply defined.


LaTeX Warning: Label `fig:my-label' multiply defined.


LaTeX Warning: Label `fig:my-label' multiply defined.


LaTeX Warning: Label `fig:my-label' multiply defined.


LaTeX Warning: Label `fig:my-label' multiply defined.

)
\openout1 = `Essay.aux'.

LaTeX Font Info:    Checking defaults for OML/cmm/m/it on input line 9.
LaTeX Font Info:    ... okay on input line 9.
LaTeX Font Info:    Checking defaults for OMS/cmsy/m/n on input line 9.
LaTeX Font Info:    ... okay on input line 9.
LaTeX Font Info:    Checking defaults for OT1/cmr/m/n on input line 9.
LaTeX Font Info:    ... okay on input line 9.
LaTeX Font Info:    Checking defaults for T1/cmr/m/n on input line 9.
LaTeX Font Info:    ... okay on input line 9.
LaTeX Font Info:    Checking defaults for TS1/cmr/m/n on input line 9.
LaTeX Font Info:    ... okay on input line 9.
LaTeX Font Info:    Checking defaults for OMX/cmex/m/n on input line 9.
LaTeX Font Info:    ... okay on input line 9.
LaTeX Font Info:    Checking defaults for U/cmr/m/n on input line 9.
LaTeX Font Info:    ... okay on input line 9.
 (/usr/local/texlive/2022/texmf-dist/tex/context/base/mkii/supp-pdf.mkii
[Loading MPS to PDF converter (version 2006.09.02).]
\scratchcounter=\count273
\scratchdimen=\dimen150
\scratchbox=\box53
\nofMPsegments=\count274
\nofMParguments=\count275
\everyMPshowfont=\toks24
\MPscratchCnt=\count276
\MPscratchDim=\dimen151
\MPnumerator=\count277
\makeMPintoPDFobject=\count278
\everyMPtoPDFconversion=\toks25
) (/usr/local/texlive/2022/texmf-dist/tex/latex/epstopdf-pkg/epstopdf-base.sty
Package: epstopdf-base 2020-01-24 v2.11 Base part for package epstopdf
Package epstopdf-base Info: Redefining graphics rule for `.eps' on input line 4
85.

(/usr/local/texlive/2022/texmf-dist/tex/latex/latexconfig/epstopdf-sys.cfg
File: epstopdf-sys.cfg 2010/07/13 v1.3 Configuration of (r)epstopdf for TeX Liv
e
))
LaTeX Font Info:    Trying to load font information for U+msa on input line 10.


(/usr/local/texlive/2022/texmf-dist/tex/latex/amsfonts/umsa.fd
File: umsa.fd 2013/01/14 v3.01 AMS symbols A
)
LaTeX Font Info:    Trying to load font information for U+msb on input line 10.


(/usr/local/texlive/2022/texmf-dist/tex/latex/amsfonts/umsb.fd
File: umsb.fd 2013/01/14 v3.01 AMS symbols B
) [1


{/usr/local/texlive/2022/texmf-var/fonts/map/pdftex/updmap/pdftex.map}] [2

] (./Essay.toc
[3] [4] [5])
\tf@toc=\write3
\openout3 = `Essay.toc'.

 [6]
Chapter 1.
[7

] [8]
Overfull \hbox (2.57465pt too wide) in paragraph at lines 32--33
\OT1/cmr/m/n/10 istry. The re-ac-tions that turn our food into mo-tions and tho
ughts
 []

[9] [10] [11] [12]
<figures/The_Cycle_of_the_Tide.png, id=46, 1315.91624pt x 1105.12875pt>
File: figures/The_Cycle_of_the_Tide.png Graphic file (type png)
<use figures/The_Cycle_of_the_Tide.png>
Package pdftex.def Info: figures/The_Cycle_of_the_Tide.png  used on input line 
65.
(pdftex.def)             Requested size: 276.0pt x 231.78035pt.
 [13 <./figures/The_Cycle_of_the_Tide.png>]
<figures/The_Development_Cycle.png, id=54, 783.92876pt x 482.80376pt>
File: figures/The_Development_Cycle.png Graphic file (type png)
<use figures/The_Development_Cycle.png>
Package pdftex.def Info: figures/The_Development_Cycle.png  used on input line 
81.
(pdftex.def)             Requested size: 276.0pt x 169.98575pt.
 [14] [15 <./figures/The_Development_Cycle.png>] [16] [17] [18] [19] [20]
Overfull \hbox (5.66718pt too wide) in paragraph at lines 148--149
\OT1/cmr/m/n/10 sump-tions, cre-ated an MLP, dis-cov-ered some un-known un-know
ns,
 []

[21] [22]
<figures/Tracking.png, id=84, 1285.80376pt x 1014.79124pt>
File: figures/Tracking.png Graphic file (type png)
<use figures/Tracking.png>
Package pdftex.def Info: figures/Tracking.png  used on input line 165.
(pdftex.def)             Requested size: 276.0pt x 217.81972pt.

Underfull \vbox (badness 7116) has occurred while \output is active []

 [23 <./figures/Tracking.png>] [24] [25] [26]
Overfull \hbox (1.3893pt too wide) in paragraph at lines 202--203
[]\OT1/cmr/m/n/10 To sum-ma-rize, we have four com-po-nents we're build-ing: co
re,
 []

[27] [28] [29]
<figures/vision.png, id=108, 352.31625pt x 583.17876pt>
File: figures/vision.png Graphic file (type png)
<use figures/vision.png>
Package pdftex.def Info: figures/vision.png  used on input line 225.
(pdftex.def)             Requested size: 276.0pt x 456.85309pt.


LaTeX Warning: Float too large for page by 134.79753pt on input line 227.

[30] [31] [32] [33]
<figures/Leadership.png, id=122, 302.12875pt x 302.12875pt>
File: figures/Leadership.png Graphic file (type png)
<use figures/Leadership.png>
Package pdftex.def Info: figures/Leadership.png  used on input line 264.
(pdftex.def)             Requested size: 276.0pt x 276.00252pt.
 [34]
Underfull \hbox (badness 10000) in paragraph at lines 273--274
\OT1/cmr/m/n/10 of thumb there is:
 []


Underfull \hbox (badness 10000) in paragraph at lines 273--274

 []


Underfull \hbox (badness 10000) in paragraph at lines 275--276
[]\OT1/cmr/m/it/10 Before writ-ing any code, de-sign, de-sign, de-sign.
 []


Underfull \hbox (badness 10000) in paragraph at lines 275--276

 []

[35] [36]
Overfull \hbox (1.77502pt too wide) in paragraph at lines 289--289
[]\OT1/cmr/bx/n/12 When You Just Want to Get Your Hands
 []

[37]
Overfull \hbox (1.27821pt too wide) in paragraph at lines 297--298
\OT1/cmr/m/n/10 So far in dis-cussing the tide we've fo-cused on de-vel-op-ing 
projects.
 []

[38]
Underfull \vbox (badness 10000) has occurred while \output is active []

 [39]
[40]
Underfull \hbox (badness 10000) in paragraph at lines 324--325

 []


Underfull \vbox (badness 6396) has occurred while \output is active []

 [41]
Underfull \hbox (badness 10000) in paragraph at lines 326--327

 []


Underfull \hbox (badness 10000) in paragraph at lines 328--329
\OT1/cmr/m/n/10 we al-ready know:
 []


Underfull \hbox (badness 10000) in paragraph at lines 328--329

 []


Underfull \hbox (badness 10000) in paragraph at lines 330--331
\OT1/cmr/m/n/10 tools and cat-a-lysts in ques-tion.
 []


Underfull \hbox (badness 10000) in paragraph at lines 330--331

 []


Underfull \hbox (badness 10000) in paragraph at lines 332--333

 []

[42]
Underfull \hbox (badness 10000) in paragraph at lines 334--335
\OT1/cmr/m/n/10 Get a sense of the big-ger pic-ture.
 []


Underfull \hbox (badness 10000) in paragraph at lines 334--335

 []


Underfull \hbox (badness 10000) in paragraph at lines 336--337

 []


Underfull \hbox (badness 10000) in paragraph at lines 338--339
\OT1/cmr/m/n/10 space. Fill in gaps as well.
 []


Underfull \hbox (badness 10000) in paragraph at lines 338--339

 []

[43] [44] [45] [46] [47] [48] [49] [50] [51] [52]
Underfull \hbox (badness 10000) in paragraph at lines 414--415
\OT1/cmr/m/n/10 add a fi-nal ques-tion to the mix:
 []


Underfull \hbox (badness 10000) in paragraph at lines 414--415

 []

[53] [54] [55] [56]
Underfull \vbox (badness 10000) has occurred while \output is active []

 [57]
[58]
Underfull \vbox (badness 10000) has occurred while \output is active []

 [59]
[60] [61]
Underfull \vbox (badness 10000) has occurred while \output is active []

 [62]
[63]
Overfull \hbox (1.68565pt too wide) in paragraph at lines 495--496
[]\OT1/cmr/m/n/10 Now con-sider what hap-pens if things go wrong. Think
 []

[64]
Overfull \hbox (1.00607pt too wide) in paragraph at lines 527--528
[]\OT1/cmr/m/n/10 Build au-to-mated, thor-ough mon-i-tor-ing that gives
 []

[65]
Overfull \hbox (5.70047pt too wide) in paragraph at lines 535--536
[]\OT1/cmr/m/n/10 Think care-fully through the us-abil-ity of your prod-
 []


Overfull \hbox (8.26468pt too wide) in paragraph at lines 546--546
[]\OT1/cmr/bx/n/14.4 Stewardship for the An-thro-pocene 
 []

[66] [67] [68]
<figures/data_flow.png, id=235, 472.76625pt x 161.60374pt>
File: figures/data_flow.png Graphic file (type png)
<use figures/data_flow.png>
Package pdftex.def Info: figures/data_flow.png  used on input line 568.
(pdftex.def)             Requested size: 276.0pt x 94.3467pt.
 [69]
<figures/categories_of_measurement.png, id=239, 452.69125pt x 161.60374pt>
File: figures/categories_of_measurement.png Graphic file (type png)
<use figures/categories_of_measurement.png>
Package pdftex.def Info: figures/categories_of_measurement.png  used on input l
ine 581.
(pdftex.def)             Requested size: 276.0pt x 98.52635pt.
 [70] [71]
<figures/the_platform.png, id=246, 422.57875pt x 171.64125pt>
File: figures/the_platform.png Graphic file (type png)
<use figures/the_platform.png>
Package pdftex.def Info: figures/the_platform.png  used on input line 597.
(pdftex.def)             Requested size: 276.0pt x 112.1076pt.
 [72]
Underfull \hbox (badness 10000) in paragraph at lines 625--626
\OT1/cmr/m/n/10 fol-low-ing con-clu-sion:
 []


Underfull \hbox (badness 10000) in paragraph at lines 625--626

 []


Underfull \hbox (badness 10000) in paragraph at lines 627--628
\OT1/cmr/m/it/10 that al-ready ex-ist.
 []


Underfull \hbox (badness 10000) in paragraph at lines 627--628

 []


Overfull \hbox (2.583pt too wide) has occurred while \output is active
\OT1/cmr/m/sl/10 1.12.  FLOKK DESIGN LOG - JOINING THE ECOSYSTEM \OT1/cmr/m/n/1
0 73
 []

[73]
Underfull \hbox (badness 10000) in paragraph at lines 632--633

 []


Underfull \hbox (badness 10000) in paragraph at lines 634--635
\OT1/cmr/m/it/10 nav-i-gate the vast space of projects.
 []


Underfull \hbox (badness 10000) in paragraph at lines 634--635

 []

[74]
Underfull \hbox (badness 10000) in paragraph at lines 639--640
\OT1/cmr/m/n/10 ous and thor-ough adop-tion and en-gage-ment
 []


Underfull \hbox (badness 10000) in paragraph at lines 639--640

 []


Overfull \hbox (2.583pt too wide) has occurred while \output is active
\OT1/cmr/m/sl/10 1.12.  FLOKK DESIGN LOG - JOINING THE ECOSYSTEM \OT1/cmr/m/n/1
0 75
 []

[75] [76]
Overfull \hbox (3.36163pt too wide) in paragraph at lines 667--668
[]\OT1/cmr/m/n/10 Finally, it is highly un-likely that ev-ery com-po-nent ever 
needed
 []


Overfull \hbox (22.93019pt too wide) has occurred while \output is active
\OT1/cmr/m/sl/10 1.13.  FREEING THE MIND WITH MACHINE INTELLIGENCE \OT1/cmr/m/n
/10 77
 []

[77] [78]
Overfull \hbox (22.93019pt too wide) has occurred while \output is active
\OT1/cmr/m/sl/10 1.13.  FREEING THE MIND WITH MACHINE INTELLIGENCE \OT1/cmr/m/n
/10 79
 []

[79] [80]
Overfull \hbox (22.93019pt too wide) has occurred while \output is active
\OT1/cmr/m/sl/10 1.13.  FREEING THE MIND WITH MACHINE INTELLIGENCE \OT1/cmr/m/n
/10 81
 []

[81] [82]
Overfull \hbox (22.93019pt too wide) has occurred while \output is active
\OT1/cmr/m/sl/10 1.13.  FREEING THE MIND WITH MACHINE INTELLIGENCE \OT1/cmr/m/n
/10 83
 []

[83] [84]
<figures/Kameleon.png, id=288, 904.37875pt x 502.87875pt>
File: figures/Kameleon.png Graphic file (type png)
<use figures/Kameleon.png>
Package pdftex.def Info: figures/Kameleon.png  used on input line 742.
(pdftex.def)             Requested size: 276.0pt x 153.46603pt.

Overfull \hbox (13.98965pt too wide) in paragraph at lines 749--749
[]\OT1/cmr/bx/n/14.4 Creating Al-lies and Build-ing World
 []


Overfull \hbox (8.62462pt too wide) has occurred while \output is active
\OT1/cmr/m/sl/10 1.14.  CREATING ALLIES AND BUILDING WORLD VIEWS \OT1/cmr/m/n/1
0 85
 []

[85] [86]
Overfull \hbox (8.62462pt too wide) has occurred while \output is active
\OT1/cmr/m/sl/10 1.14.  CREATING ALLIES AND BUILDING WORLD VIEWS \OT1/cmr/m/n/1
0 87
 []

[87] [88]
Overfull \hbox (52.72296pt too wide) has occurred while \output is active
\OT1/cmr/m/sl/10 1.15.  CITIZEN STEWARDSHIP - CONSOLIDATING THE ROADMAP \OT1/cm
r/m/n/10 89
 []

[89]
Overfull \hbox (5.75053pt too wide) in paragraph at lines 797--798
[]\OT1/cmr/m/n/10 The dis-tinc-tion then be-tween Flokk, Kameleon, and Mycelium

 []

[90] [91] [92] [93]
Overfull \hbox (2.16635pt too wide) in paragraph at lines 829--829
[]\OT1/cmr/bx/n/14.4 Reconnection through Ad-ven-ture 
 []

[94] [95] [96]
Underfull \vbox (badness 10000) has occurred while \output is active []

 [97]
[98] [99] [100] [101] [102]
Underfull \vbox (badness 2237) has occurred while \output is active []

 [103]
[104] [105] [106] [107] [108] [109] [110] [111]
Overfull \hbox (2.06474pt too wide) in paragraph at lines 976--976
[]\OT1/cmr/bx/n/14.4 An Em-pire of Bio-sphere Stew-ard-
 []


Underfull \vbox (badness 10000) has occurred while \output is active []

 [112]
[113]
Overfull \hbox (4.27826pt too wide) in paragraph at lines 984--985
\OT1/cmr/m/n/10 masses - and by ex-ten-sion the in-di-vid-u-als com-pos-ing tho
se masses
 []

[114]
<figures/The_Flow_of_Biosphere_Stewardship.png, id=386, 874.26625pt x 769.87625
pt>
File: figures/The_Flow_of_Biosphere_Stewardship.png Graphic file (type png)
<use figures/The_Flow_of_Biosphere_Stewardship.png>
Package pdftex.def Info: figures/The_Flow_of_Biosphere_Stewardship.png  used on
 input line 1001.
(pdftex.def)             Requested size: 276.0pt x 243.04092pt.
 [115]
<figures/Categorization_of_Research.png, id=391, 950.55125pt x 792.9625pt>
File: figures/Categorization_of_Research.png Graphic file (type png)
<use figures/Categorization_of_Research.png>
Package pdftex.def Info: figures/Categorization_of_Research.png  used on input 
line 1012.
(pdftex.def)             Requested size: 276.0pt x 230.24362pt.
 [116] [117] [118] [119] [120] [121] [122 <./figures/vision.png>]
[123 <./figures/Leadership.png>] [124 <./figures/data_flow.png> <./figures/cate
gories_of_measurement.png>] [125 <./figures/the_platform.png> <./figures/Kamele
on.png>] [126 <./figures/The_Flow_of_Biosphere_Stewardship.png>] [127 <./figure
s/Categorization_of_Research.png>] [128

]
Chapter 2.
[129]
Underfull \hbox (badness 10000) in paragraph at lines 1053--1054
\OT1/cmr/m/n/10 Fjorgyn:
 []


Underfull \hbox (badness 10000) in paragraph at lines 1053--1054

 []


Underfull \hbox (badness 10000) in paragraph at lines 1055--1056

 []

[130] [131] [132] [133]
Underfull \hbox (badness 10000) in paragraph at lines 1091--1092
\OT1/cmr/m/n/10 er-a-tion I'd like to just jot down here:
 []


Underfull \hbox (badness 10000) in paragraph at lines 1091--1092

 []


Underfull \hbox (badness 10000) in paragraph at lines 1093--1094
\OT1/cmr/bx/n/10 time.
 []


Underfull \hbox (badness 10000) in paragraph at lines 1093--1094

 []


Underfull \vbox (badness 2409) has occurred while \output is active []

 [134]
[135]
Underfull \hbox (badness 10000) in paragraph at lines 1112--1113
\OT1/cmr/m/n/10 set-ting that I was miss-ing?
 []


Underfull \hbox (badness 10000) in paragraph at lines 1112--1113

 []

[136] [137] [138]
Overfull \hbox (7.30595pt too wide) in paragraph at lines 1142--1143
[]\OT1/cmr/m/n/10 The first is the mis-sion state-ment and spe-cific prod-uct/s
ervices
 []

[139] [140] [141] [142]
Underfull \hbox (badness 10000) in paragraph at lines 1183--1184
\OT1/cmr/m/n/10 mines.
 []


Underfull \hbox (badness 10000) in paragraph at lines 1183--1184

 []

[143] [144] (./Essay.aux)

LaTeX Warning: There were multiply-defined labels.

 ) 
Here is how much of TeX's memory you used:
 2661 strings out of 478268
 40243 string characters out of 5846347
 332985 words of memory out of 5000000
 20848 multiletter control sequences out of 15000+600000
 479368 words of font info for 66 fonts, out of 8000000 for 9000
 1141 hyphenation exceptions out of 8191
 55i,6n,62p,1458b,435s stack positions out of 10000i,1000n,20000p,200000b,200000s
{/usr/local/texlive/2022/texmf-dist/fonts/enc/dvips/cm-super/cm-super-ts1.enc
}</usr/local/texlive/2022/texmf-dist/fonts/type1/public/amsfonts/cm/cmbx10.pfb>
</usr/local/texlive/2022/texmf-dist/fonts/type1/public/amsfonts/cm/cmbx12.pfb><
/usr/local/texlive/2022/texmf-dist/fonts/type1/public/amsfonts/cm/cmr10.pfb></u
sr/local/texlive/2022/texmf-dist/fonts/type1/public/amsfonts/cm/cmr12.pfb></usr
/local/texlive/2022/texmf-dist/fonts/type1/public/amsfonts/cm/cmr17.pfb></usr/l
ocal/texlive/2022/texmf-dist/fonts/type1/public/amsfonts/cm/cmsl10.pfb></usr/lo
cal/texlive/2022/texmf-dist/fonts/type1/public/amsfonts/cm/cmti10.pfb></usr/loc
al/texlive/2022/texmf-dist/fonts/type1/public/cm-super/sfrm1000.pfb>
Output written on Essay.pdf (144 pages, 705200 bytes).
PDF statistics:
 532 PDF objects out of 1000 (max. 8388607)
 344 compressed objects within 4 object streams
 0 named destinations out of 1000 (max. 500000)
 56 words of extra memory for PDF output out of 10000 (max. 10000000)

