This is pdfTeX, Version 3.141592653-2.6-1.40.24 (TeX Live 2022) (preloaded format=pdflatex 2022.5.25)  14 JUN 2022 18:06
entering extended mode
 restricted \write18 enabled.
 %&-line parsing enabled.
**Essay.tex
(./Essay.tex
LaTeX2e <2021-11-15> patch level 1
L3 programming layer <2022-02-24>
(/usr/local/texlive/2022/texmf-dist/tex/latex/base/article.cls
Document Class: article 2021/10/04 v1.4n Standard LaTeX document class
(/usr/local/texlive/2022/texmf-dist/tex/latex/base/size10.clo
File: size10.clo 2021/10/04 v1.4n Standard LaTeX file (size option)
)
\c@part=\count185
\c@section=\count186
\c@subsection=\count187
\c@subsubsection=\count188
\c@paragraph=\count189
\c@subparagraph=\count190
\c@figure=\count191
\c@table=\count192
\abovecaptionskip=\skip47
\belowcaptionskip=\skip48
\bibindent=\dimen138
)
(/usr/local/texlive/2022/texmf-dist/tex/latex/base/inputenc.sty
Package: inputenc 2021/02/14 v1.3d Input encoding file
\inpenc@prehook=\toks16
\inpenc@posthook=\toks17
)
(/usr/local/texlive/2022/texmf-dist/tex/latex/amsmath/amsmath.sty
Package: amsmath 2021/10/15 v2.17l AMS math features
\@mathmargin=\skip49

For additional information on amsmath, use the `?' option.
(/usr/local/texlive/2022/texmf-dist/tex/latex/amsmath/amstext.sty
Package: amstext 2021/08/26 v2.01 AMS text

(/usr/local/texlive/2022/texmf-dist/tex/latex/amsmath/amsgen.sty
File: amsgen.sty 1999/11/30 v2.0 generic functions
\@emptytoks=\toks18
\ex@=\dimen139
))
(/usr/local/texlive/2022/texmf-dist/tex/latex/amsmath/amsbsy.sty
Package: amsbsy 1999/11/29 v1.2d Bold Symbols
\pmbraise@=\dimen140
)
(/usr/local/texlive/2022/texmf-dist/tex/latex/amsmath/amsopn.sty
Package: amsopn 2021/08/26 v2.02 operator names
)
\inf@bad=\count193
LaTeX Info: Redefining \frac on input line 234.
\uproot@=\count194
\leftroot@=\count195
LaTeX Info: Redefining \overline on input line 399.
\classnum@=\count196
\DOTSCASE@=\count197
LaTeX Info: Redefining \ldots on input line 496.
LaTeX Info: Redefining \dots on input line 499.
LaTeX Info: Redefining \cdots on input line 620.
\Mathstrutbox@=\box50
\strutbox@=\box51
\big@size=\dimen141
LaTeX Font Info:    Redeclaring font encoding OML on input line 743.
LaTeX Font Info:    Redeclaring font encoding OMS on input line 744.
\macc@depth=\count198
\c@MaxMatrixCols=\count199
\dotsspace@=\muskip16
\c@parentequation=\count266
\dspbrk@lvl=\count267
\tag@help=\toks19
\row@=\count268
\column@=\count269
\maxfields@=\count270
\andhelp@=\toks20
\eqnshift@=\dimen142
\alignsep@=\dimen143
\tagshift@=\dimen144
\tagwidth@=\dimen145
\totwidth@=\dimen146
\lineht@=\dimen147
\@envbody=\toks21
\multlinegap=\skip50
\multlinetaggap=\skip51
\mathdisplay@stack=\toks22
LaTeX Info: Redefining \[ on input line 2938.
LaTeX Info: Redefining \] on input line 2939.
)
(/usr/local/texlive/2022/texmf-dist/tex/latex/amsfonts/amsfonts.sty
Package: amsfonts 2013/01/14 v3.01 Basic AMSFonts support
\symAMSa=\mathgroup4
\symAMSb=\mathgroup5
LaTeX Font Info:    Redeclaring math symbol \hbar on input line 98.
LaTeX Font Info:    Overwriting math alphabet `\mathfrak' in version `bold'
(Font)                  U/euf/m/n --> U/euf/b/n on input line 106.
)
(/usr/local/texlive/2022/texmf-dist/tex/latex/amsfonts/amssymb.sty
Package: amssymb 2013/01/14 v3.01 AMS font symbols
)
(/usr/local/texlive/2022/texmf-dist/tex/latex/graphics/graphicx.sty
Package: graphicx 2021/09/16 v1.2d Enhanced LaTeX Graphics (DPC,SPQR)

(/usr/local/texlive/2022/texmf-dist/tex/latex/graphics/keyval.sty
Package: keyval 2014/10/28 v1.15 key=value parser (DPC)
\KV@toks@=\toks23
)
(/usr/local/texlive/2022/texmf-dist/tex/latex/graphics/graphics.sty
Package: graphics 2021/03/04 v1.4d Standard LaTeX Graphics (DPC,SPQR)

(/usr/local/texlive/2022/texmf-dist/tex/latex/graphics/trig.sty
Package: trig 2021/08/11 v1.11 sin cos tan (DPC)
)
(/usr/local/texlive/2022/texmf-dist/tex/latex/graphics-cfg/graphics.cfg
File: graphics.cfg 2016/06/04 v1.11 sample graphics configuration
)
Package graphics Info: Driver file: pdftex.def on input line 107.

(/usr/local/texlive/2022/texmf-dist/tex/latex/graphics-def/pdftex.def
File: pdftex.def 2020/10/05 v1.2a Graphics/color driver for pdftex
))
\Gin@req@height=\dimen148
\Gin@req@width=\dimen149
)
(/usr/local/texlive/2022/texmf-dist/tex/latex/l3backend/l3backend-pdftex.def
File: l3backend-pdftex.def 2022-02-07 L3 backend support: PDF output (pdfTeX)
\l__color_backend_stack_int=\count271
\l__pdf_internal_box=\box52
)
(./Essay.aux

LaTeX Warning: Label `fig:my-label' multiply defined.


LaTeX Warning: Label `fig:my-label' multiply defined.


LaTeX Warning: Label `fig:my-label' multiply defined.


LaTeX Warning: Label `fig:my-label' multiply defined.


LaTeX Warning: Label `fig:my-label' multiply defined.


LaTeX Warning: Label `fig:my-label' multiply defined.


LaTeX Warning: Label `fig:my-label' multiply defined.


LaTeX Warning: Label `fig:my-label' multiply defined.


LaTeX Warning: Label `fig:my-label' multiply defined.


LaTeX Warning: Label `fig:my-label' multiply defined.


LaTeX Warning: Label `fig:my-label' multiply defined.


LaTeX Warning: Label `fig:my-label' multiply defined.


LaTeX Warning: Label `fig:my-label' multiply defined.


LaTeX Warning: Label `fig:my-label' multiply defined.


LaTeX Warning: Label `fig:my-label' multiply defined.


LaTeX Warning: Label `fig:my-label' multiply defined.


LaTeX Warning: Label `fig:my-label' multiply defined.


LaTeX Warning: Label `fig:my-label' multiply defined.


LaTeX Warning: Label `fig:my-label' multiply defined.


LaTeX Warning: Label `fig:my-label' multiply defined.


LaTeX Warning: Label `fig:my-label' multiply defined.


LaTeX Warning: Label `fig:my-label' multiply defined.


LaTeX Warning: Label `fig:my-label' multiply defined.


LaTeX Warning: Label `fig:my-label' multiply defined.


LaTeX Warning: Label `fig:my-label' multiply defined.

)
\openout1 = `Essay.aux'.

LaTeX Font Info:    Checking defaults for OML/cmm/m/it on input line 9.
LaTeX Font Info:    ... okay on input line 9.
LaTeX Font Info:    Checking defaults for OMS/cmsy/m/n on input line 9.
LaTeX Font Info:    ... okay on input line 9.
LaTeX Font Info:    Checking defaults for OT1/cmr/m/n on input line 9.
LaTeX Font Info:    ... okay on input line 9.
LaTeX Font Info:    Checking defaults for T1/cmr/m/n on input line 9.
LaTeX Font Info:    ... okay on input line 9.
LaTeX Font Info:    Checking defaults for TS1/cmr/m/n on input line 9.
LaTeX Font Info:    ... okay on input line 9.
LaTeX Font Info:    Checking defaults for OMX/cmex/m/n on input line 9.
LaTeX Font Info:    ... okay on input line 9.
LaTeX Font Info:    Checking defaults for U/cmr/m/n on input line 9.
LaTeX Font Info:    ... okay on input line 9.
 (/usr/local/texlive/2022/texmf-dist/tex/context/base/mkii/supp-pdf.mkii
[Loading MPS to PDF converter (version 2006.09.02).]
\scratchcounter=\count272
\scratchdimen=\dimen150
\scratchbox=\box53
\nofMPsegments=\count273
\nofMParguments=\count274
\everyMPshowfont=\toks24
\MPscratchCnt=\count275
\MPscratchDim=\dimen151
\MPnumerator=\count276
\makeMPintoPDFobject=\count277
\everyMPtoPDFconversion=\toks25
) (/usr/local/texlive/2022/texmf-dist/tex/latex/epstopdf-pkg/epstopdf-base.sty
Package: epstopdf-base 2020-01-24 v2.11 Base part for package epstopdf
Package epstopdf-base Info: Redefining graphics rule for `.eps' on input line 4
85.

(/usr/local/texlive/2022/texmf-dist/tex/latex/latexconfig/epstopdf-sys.cfg
File: epstopdf-sys.cfg 2010/07/13 v1.3 Configuration of (r)epstopdf for TeX Liv
e
))
LaTeX Font Info:    Trying to load font information for U+msa on input line 10.


(/usr/local/texlive/2022/texmf-dist/tex/latex/amsfonts/umsa.fd
File: umsa.fd 2013/01/14 v3.01 AMS symbols A
)
LaTeX Font Info:    Trying to load font information for U+msb on input line 10.


(/usr/local/texlive/2022/texmf-dist/tex/latex/amsfonts/umsb.fd
File: umsb.fd 2013/01/14 v3.01 AMS symbols B
) (./Essay.toc)
\tf@toc=\write3
\openout3 = `Essay.toc'.


[1

{/usr/local/texlive/2022/texmf-var/fonts/map/pdftex/updmap/pdftex.map}]
[2]
<figures/a_basic_wave.pdf, id=14, 574.54652pt x 287.27327pt>
File: figures/a_basic_wave.pdf Graphic file (type pdf)
<use figures/a_basic_wave.pdf>
Package pdftex.def Info: figures/a_basic_wave.pdf  used on input line 25.
(pdftex.def)             Requested size: 345.0pt x 172.50117pt.
 [3 <./figures/a_basic_wave.pdf>]
<figures/blue_whale_comparison.pdf, id=20, 574.54652pt x 287.27327pt>
File: figures/blue_whale_comparison.pdf Graphic file (type pdf)
<use figures/blue_whale_comparison.pdf>
Package pdftex.def Info: figures/blue_whale_comparison.pdf  used on input line 
36.
(pdftex.def)             Requested size: 345.0pt x 172.50117pt.
 [4 <./figures/blue_whale_comparison.pdf>]
<figures/a440.pdf, id=27, 574.54652pt x 287.27327pt>
File: figures/a440.pdf Graphic file (type pdf)
<use figures/a440.pdf>
Package pdftex.def Info: figures/a440.pdf  used on input line 51.
(pdftex.def)             Requested size: 345.0pt x 172.50117pt.
<figures/super1.pdf, id=28, 574.54652pt x 287.27327pt>
File: figures/super1.pdf Graphic file (type pdf)
<use figures/super1.pdf>
Package pdftex.def Info: figures/super1.pdf  used on input line 62.
(pdftex.def)             Requested size: 345.0pt x 172.50117pt.

[5 <./figures/a440.pdf>]
<figures/super2.pdf, id=36, 574.54652pt x 287.27327pt>
File: figures/super2.pdf Graphic file (type pdf)
<use figures/super2.pdf>
Package pdftex.def Info: figures/super2.pdf  used on input line 70.
(pdftex.def)             Requested size: 345.0pt x 172.50117pt.
<figures/super3.pdf, id=37, 574.54652pt x 287.27327pt>
File: figures/super3.pdf Graphic file (type pdf)
<use figures/super3.pdf>
Package pdftex.def Info: figures/super3.pdf  used on input line 80.
(pdftex.def)             Requested size: 345.0pt x 172.50117pt.
 [6 <./figures/super1.pdf> <./figures/super2.pdf

pdfTeX warning: /Library/TeX/texbin/pdflatex (file ./figures/super2.pdf): PDF i
nclusion: multiple pdfs with page group included in a single page
>]
<figures/phase.pdf, id=44, 574.54652pt x 287.27327pt>
File: figures/phase.pdf Graphic file (type pdf)
<use figures/phase.pdf>
Package pdftex.def Info: figures/phase.pdf  used on input line 93.
(pdftex.def)             Requested size: 345.0pt x 172.50117pt.
<figures/phasesuper1.pdf, id=45, 574.54652pt x 287.27327pt>
File: figures/phasesuper1.pdf Graphic file (type pdf)
<use figures/phasesuper1.pdf>
Package pdftex.def Info: figures/phasesuper1.pdf  used on input line 103.
(pdftex.def)             Requested size: 345.0pt x 172.50117pt.
<figures/phasesuper2.pdf, id=46, 574.54652pt x 287.27327pt>
File: figures/phasesuper2.pdf Graphic file (type pdf)
<use figures/phasesuper2.pdf>
Package pdftex.def Info: figures/phasesuper2.pdf  used on input line 111.
(pdftex.def)             Requested size: 345.0pt x 172.50117pt.
 [7 <./figures/super3.pdf>] [8 <./figures/phase.pdf> <./figures/phasesuper1.pdf


pdfTeX warning: /Library/TeX/texbin/pdflatex (file ./figures/phasesuper1.pdf): 
PDF inclusion: multiple pdfs with page group included in a single page
>] [9 <./figures/phasesuper2.pdf>] [10] [11]
<figures/phased_array_diagram.pdf, id=76, 499.8675pt x 303.05219pt>
File: figures/phased_array_diagram.pdf Graphic file (type pdf)
<use figures/phased_array_diagram.pdf>
Package pdftex.def Info: figures/phased_array_diagram.pdf  used on input line 1
85.
(pdftex.def)             Requested size: 345.0pt x 209.16634pt.
 [12] [13 <./figures/phased_array_diagram.pdf>]
<figures/R_approx.pdf, id=103, 498.90388pt x 333.16469pt>
File: figures/R_approx.pdf Graphic file (type pdf)
<use figures/R_approx.pdf>
Package pdftex.def Info: figures/R_approx.pdf  used on input line 263.
(pdftex.def)             Requested size: 345.0pt x 230.39732pt.
 [14 <./figures/R_approx.pdf>]
Overfull \hbox (9.32664pt too wide) in paragraph at lines 279--280
[]\OT1/cmr/m/n/10 Let's gen-er-al-ize this a lit-tle bit. Let's cre-ate two new
 vari-ables $\OML/cmm/m/it/10 u[] \OT1/cmr/m/n/10 = [] \OML/cmm/m/it/10 ^^R[] [
] ^^^[]$
 []

<figures/steer0_el10.pdf, id=132, 616.46877pt x 317.7308pt>
File: figures/steer0_el10.pdf Graphic file (type pdf)
<use figures/steer0_el10.pdf>
Package pdftex.def Info: figures/steer0_el10.pdf  used on input line 312.
(pdftex.def)             Requested size: 345.0pt x 177.82137pt.
[15]
<figures/steerpi6_el10.pdf, id=136, 616.46877pt x 317.7308pt>
File: figures/steerpi6_el10.pdf Graphic file (type pdf)
<use figures/steerpi6_el10.pdf>
Package pdftex.def Info: figures/steerpi6_el10.pdf  used on input line 324.
(pdftex.def)             Requested size: 345.0pt x 177.82137pt.
<figures/steer0_el20.pdf, id=137, 616.46877pt x 317.7308pt>
File: figures/steer0_el20.pdf Graphic file (type pdf)
<use figures/steer0_el20.pdf>
Package pdftex.def Info: figures/steer0_el20.pdf  used on input line 334.
(pdftex.def)             Requested size: 345.0pt x 177.82137pt.
 [16 <./figures/steer0_el10.pdf>] [17 <./figures/steerpi6_el10.pdf> <./figures/
steer0_el20.pdf

pdfTeX warning: /Library/TeX/texbin/pdflatex (file ./figures/steer0_el20.pdf): 
PDF inclusion: multiple pdfs with page group included in a single page
>]
<figures/2elements.pdf, id=212, 616.46877pt x 317.7308pt>
File: figures/2elements.pdf Graphic file (type pdf)
<use figures/2elements.pdf>
Package pdftex.def Info: figures/2elements.pdf  used on input line 359.
(pdftex.def)             Requested size: 345.0pt x 177.82137pt.
<figures/4elements.pdf, id=213, 616.46877pt x 317.7308pt>
File: figures/4elements.pdf Graphic file (type pdf)
<use figures/4elements.pdf>
Package pdftex.def Info: figures/4elements.pdf  used on input line 365.
(pdftex.def)             Requested size: 345.0pt x 177.82137pt.
<figures/16elements.pdf, id=214, 616.46877pt x 317.7308pt>
File: figures/16elements.pdf Graphic file (type pdf)
<use figures/16elements.pdf>
Package pdftex.def Info: figures/16elements.pdf  used on input line 371.
(pdftex.def)             Requested size: 345.0pt x 177.82137pt.
<figures/256elements.pdf, id=215, 616.46877pt x 317.7308pt>
File: figures/256elements.pdf Graphic file (type pdf)
<use figures/256elements.pdf>
Package pdftex.def Info: figures/256elements.pdf  used on input line 377.
(pdftex.def)             Requested size: 345.0pt x 177.82137pt.
 [18 <./figures/2elements.pdf> <./figures/4elements.pdf

pdfTeX warning: /Library/TeX/texbin/pdflatex (file ./figures/4elements.pdf): PD
F inclusion: multiple pdfs with page group included in a single page
>]
File: figures/steer0_el10.pdf Graphic file (type pdf)
<use figures/steer0_el10.pdf>
Package pdftex.def Info: figures/steer0_el10.pdf  used on input line 388.
(pdftex.def)             Requested size: 345.0pt x 177.82137pt.
 [19 <./figures/16elements.pdf> <./figures/256elements.pdf

pdfTeX warning: /Library/TeX/texbin/pdflatex (file ./figures/256elements.pdf): 
PDF inclusion: multiple pdfs with page group included in a single page
>]
<figures/quarter_wavelength.pdf, id=313, 616.46877pt x 317.7308pt>
File: figures/quarter_wavelength.pdf Graphic file (type pdf)
<use figures/quarter_wavelength.pdf>
Package pdftex.def Info: figures/quarter_wavelength.pdf  used on input line 396
.
(pdftex.def)             Requested size: 345.0pt x 177.82137pt.
<figures/two_wavelengths.pdf, id=314, 616.46877pt x 317.7308pt>
File: figures/two_wavelengths.pdf Graphic file (type pdf)
<use figures/two_wavelengths.pdf>
Package pdftex.def Info: figures/two_wavelengths.pdf  used on input line 402.
(pdftex.def)             Requested size: 345.0pt x 177.82137pt.
 [20 <./figures/quarter_wavelength.pdf>] [21 <./figures/two_wavelengths.pdf>] [
22] [23]
<figures/0_pi4_eq.pdf, id=372, 608.06236pt x 317.7308pt>
File: figures/0_pi4_eq.pdf Graphic file (type pdf)
<use figures/0_pi4_eq.pdf>
Package pdftex.def Info: figures/0_pi4_eq.pdf  used on input line 476.
(pdftex.def)             Requested size: 345.0pt x 180.27939pt.
<figures/0_02_eq.pdf, id=373, 608.06236pt x 319.71808pt>
File: figures/0_02_eq.pdf Graphic file (type pdf)
<use figures/0_02_eq.pdf>
Package pdftex.def Info: figures/0_02_eq.pdf  used on input line 486.
(pdftex.def)             Requested size: 345.0pt x 181.40697pt.
 [24 <./figures/0_pi4_eq.pdf> <./figures/0_02_eq.pdf

pdfTeX warning: /Library/TeX/texbin/pdflatex (file ./figures/0_02_eq.pdf): PDF 
inclusion: multiple pdfs with page group included in a single page
>]
<figures/five_sources.pdf, id=419, 608.06236pt x 319.0069pt>
File: figures/five_sources.pdf Graphic file (type pdf)
<use figures/five_sources.pdf>
Package pdftex.def Info: figures/five_sources.pdf  used on input line 496.
(pdftex.def)             Requested size: 345.0pt x 181.00345pt.
<figures/guess1.pdf, id=420, 608.06236pt x 317.7308pt>
File: figures/guess1.pdf Graphic file (type pdf)
<use figures/guess1.pdf>
Package pdftex.def Info: figures/guess1.pdf  used on input line 515.
(pdftex.def)             Requested size: 345.0pt x 180.27939pt.
<figures/guess2.pdf, id=421, 608.06236pt x 317.7308pt>
File: figures/guess2.pdf Graphic file (type pdf)
<use figures/guess2.pdf>
Package pdftex.def Info: figures/guess2.pdf  used on input line 523.
(pdftex.def)             Requested size: 345.0pt x 180.27939pt.
 [25 <./figures/five_sources.pdf>] [26 <./figures/guess1.pdf> <./figures/guess2
.pdf

pdfTeX warning: /Library/TeX/texbin/pdflatex (file ./figures/guess2.pdf): PDF i
nclusion: multiple pdfs with page group included in a single page
>] [27] [28] (./Essay.bbl) [29] (./Essay.aux)

LaTeX Warning: There were multiply-defined labels.

 ) 
Here is how much of TeX's memory you used:
 2745 strings out of 478268
 42770 string characters out of 5846347
 332622 words of memory out of 5000000
 20915 multiletter control sequences out of 15000+600000
 478422 words of font info for 63 fonts, out of 8000000 for 9000
 1141 hyphenation exceptions out of 8191
 55i,6n,62p,1471b,267s stack positions out of 10000i,1000n,20000p,200000b,200000s
{/usr/local/texlive/2022/texmf-dist/fonts/enc/dvips/cm-super/cm-super-ts1.enc
}</usr/local/texlive/2022/texmf-dist/fonts/type1/public/amsfonts/cm/cmbx10.pfb>
</usr/local/texlive/2022/texmf-dist/fonts/type1/public/amsfonts/cm/cmbx12.pfb><
/usr/local/texlive/2022/texmf-dist/fonts/type1/public/amsfonts/cm/cmbx7.pfb></u
sr/local/texlive/2022/texmf-dist/fonts/type1/public/amsfonts/cm/cmex10.pfb></us
r/local/texlive/2022/texmf-dist/fonts/type1/public/amsfonts/cm/cmmi10.pfb></usr
/local/texlive/2022/texmf-dist/fonts/type1/public/amsfonts/cm/cmmi5.pfb></usr/l
ocal/texlive/2022/texmf-dist/fonts/type1/public/amsfonts/cm/cmmi7.pfb></usr/loc
al/texlive/2022/texmf-dist/fonts/type1/public/amsfonts/cm/cmr10.pfb></usr/local
/texlive/2022/texmf-dist/fonts/type1/public/amsfonts/cm/cmr12.pfb></usr/local/t
exlive/2022/texmf-dist/fonts/type1/public/amsfonts/cm/cmr17.pfb></usr/local/tex
live/2022/texmf-dist/fonts/type1/public/amsfonts/cm/cmr5.pfb></usr/local/texliv
e/2022/texmf-dist/fonts/type1/public/amsfonts/cm/cmr7.pfb></usr/local/texlive/2
022/texmf-dist/fonts/type1/public/amsfonts/cm/cmsy10.pfb></usr/local/texlive/20
22/texmf-dist/fonts/type1/public/amsfonts/cm/cmsy7.pfb></usr/local/texlive/2022
/texmf-dist/fonts/type1/public/amsfonts/cm/cmti10.pfb></usr/local/texlive/2022/
texmf-dist/fonts/type1/public/cm-super/sfrm1000.pfb>
Output written on Essay.pdf (29 pages, 466259 bytes).
PDF statistics:
 569 PDF objects out of 1000 (max. 8388607)
 236 compressed objects within 3 object streams
 0 named destinations out of 1000 (max. 500000)
 126 words of extra memory for PDF output out of 10000 (max. 10000000)

