\BOOKMARK [1][-]{section.1}{\376\377\000T\000h\000e\000\040\000P\000o\000n\000d}{}% 1
\BOOKMARK [1][-]{section.2}{\376\377\000T\000h\000e\000\040\000R\000i\000c\000h\000n\000e\000s\000s\000\040\000o\000f\000\040\000S\000o\000u\000n\000d}{}% 2
\BOOKMARK [2][-]{subsection.2.1}{\376\377\000B\000l\000u\000e\000\040\000W\000h\000a\000l\000e\000s\000\040\000Y\000e\000l\000l\000i\000n\000g\000\040\000-\000\040\000A\000m\000p\000l\000i\000t\000u\000d\000e}{section.2}% 3
\BOOKMARK [2][-]{subsection.2.2}{\376\377\000T\000o\000\040\000T\000u\000n\000e\000\040\000o\000r\000\040\000N\000o\000t\000\040\000t\000o\000\040\000T\000u\000n\000e\000\040\000-\000\040\000P\000i\000t\000c\000h}{section.2}% 4
\BOOKMARK [2][-]{subsection.2.3}{\376\377\000T\000h\000e\000\040\000Q\000u\000a\000l\000i\000t\000y\000\040\000o\000f\000\040\000S\000o\000u\000n\000d\000\040\000-\000\040\000S\000u\000p\000e\000r\000p\000o\000s\000i\000t\000i\000o\000n}{section.2}% 5
\BOOKMARK [2][-]{subsection.2.4}{\376\377\000V\000a\000n\000i\000s\000h\000i\000n\000g\000\040\000A\000c\000t\000\040\000-\000\040\000P\000h\000a\000s\000e}{section.2}% 6
\BOOKMARK [2][-]{subsection.2.5}{\376\377\000S\000u\000m\000s\000\040\000a\000n\000d\000\040\000S\000u\000m\000m\000a\000r\000i\000e\000s\000\040\000-\000\040\000M\000a\000t\000h\000e\000m\000a\000t\000i\000c\000a\000l\000\040\000F\000o\000r\000m\000a\000l\000i\000z\000a\000t\000i\000o\000n}{section.2}% 7
\BOOKMARK [1][-]{section.3}{\376\377\000T\000o\000\040\000P\000h\000a\000s\000e\000\040\000A\000r\000r\000a\000y}{}% 8
\BOOKMARK [2][-]{subsection.3.1}{\376\377\000B\000a\000c\000k\000\040\000a\000t\000\040\000t\000h\000e\000\040\000P\000o\000n\000d}{section.3}% 9
\BOOKMARK [2][-]{subsection.3.2}{\376\377\000O\000n\000\040\000M\000a\000n\000y\000\040\000E\000a\000r\000e\000d\000\040\000A\000l\000i\000e\000n\000s\000\040\000-\000\040\000P\000l\000a\000n\000a\000r\000\040\000P\000h\000a\000s\000e\000d\000\040\000A\000r\000r\000a\000y\000s}{section.3}% 10
\BOOKMARK [2][-]{subsection.3.3}{\376\377\000E\000n\000o\000u\000g\000h\000\040\000M\000a\000t\000h\000,\000\040\000S\000h\000o\000w\000\040\000M\000e\000\040\000S\000o\000m\000e\000t\000h\000i\000n\000g}{section.3}% 11
\BOOKMARK [1][-]{section.4}{\376\377\000H\000o\000w\000\040\000T\000a\000l\000l\000\040\000i\000s\000\040\000A\000-\000f\000l\000a\000t\000?}{}% 12
\BOOKMARK [2][-]{subsection.4.1}{\376\377\000G\000e\000t\000t\000i\000n\000g\000\040\000G\000r\000e\000e\000d\000y\000\040\000-\000\040\000N\000u\000m\000b\000e\000r\000\040\000o\000f\000\040\000E\000l\000e\000m\000e\000n\000t\000s}{section.4}% 13
\BOOKMARK [2][-]{subsection.4.2}{\376\377\000B\000e\000i\000n\000g\000\040\000S\000k\000i\000n\000n\000y\000\040\000I\000s\000n\000'\000t\000\040\000A\000l\000w\000a\000y\000s\000\040\000G\000r\000e\000a\000t\000\040\000-\000\040\000E\000l\000e\000m\000e\000n\000t\000\040\000S\000p\000a\000c\000i\000n\000g}{section.4}% 14
\BOOKMARK [2][-]{subsection.4.3}{\376\377\000F\000a\000r\000\040\000A\000\040\000F\000i\000e\000l\000d}{section.4}% 15
\BOOKMARK [2][-]{subsection.4.4}{\376\377\000S\000o\000u\000n\000d\000\040\000i\000s\000\040\000B\000i\000g\000\040\000-\000\040\000D\000e\000s\000i\000g\000n\000i\000n\000g\000\040\000t\000h\000e\000\040\000A\000n\000t\000e\000n\000n\000a}{section.4}% 16
\BOOKMARK [1][-]{section.5}{\376\377\000P\000l\000a\000y\000i\000n\000g\000\040\000C\000l\000u\000e}{}% 17
\BOOKMARK [2][-]{subsection.5.1}{\376\377\000T\000h\000e\000\040\000B\000a\000s\000i\000c\000\040\000I\000d\000e\000a}{section.5}% 18
\BOOKMARK [2][-]{subsection.5.2}{\376\377\000L\000o\000o\000k\000i\000n\000g\000\040\000a\000t\000\040\000P\000r\000i\000n\000t\000s}{section.5}% 19
\BOOKMARK [2][-]{subsection.5.3}{\376\377\000T\000h\000e\000\040\000D\000e\000s\000c\000e\000n\000t\000\040\000o\000f\000\040\000M\000a\000t\000h}{section.5}% 20
\BOOKMARK [2][-]{subsection.5.4}{\376\377\000T\000h\000e\000y\000\040\000S\000a\000y\000\040\000S\000u\000m\000m\000a\000r\000i\000e\000s\000\040\000a\000r\000e\000\040\000G\000o\000o\000d}{section.5}% 21
\BOOKMARK [1][-]{section.6}{\376\377\000A\000\040\000V\000e\000r\000y\000\040\000D\000e\000r\000i\000v\000a\000t\000i\000v\000e\000\040\000S\000e\000c\000t\000i\000o\000n}{}% 22
\BOOKMARK [2][-]{subsection.6.1}{\376\377\000T\000h\000e\000\040\000M\000o\000d\000e\000l}{section.6}% 23
\BOOKMARK [2][-]{subsection.6.2}{\376\377\000T\000h\000e\000\040\000G\000r\000a\000d\000i\000e\000n\000t}{section.6}% 24
\BOOKMARK [3][-]{subsubsection.6.2.1}{\376\377\000P\000o\000s\000i\000t\000i\000o\000n}{subsection.6.2}% 25
\BOOKMARK [3][-]{subsubsection.6.2.2}{\376\377\000A\000m\000p\000l\000i\000t\000u\000d\000e}{subsection.6.2}% 26
\BOOKMARK [3][-]{subsubsection.6.2.3}{\376\377\000P\000h\000a\000s\000e}{subsection.6.2}% 27
\BOOKMARK [3][-]{subsubsection.6.2.4}{\376\377\000R\000e\000t\000u\000r\000n\000i\000n\000g\000\040\000t\000o\000\040\000t\000h\000e\000\040\000A\000n\000g\000l\000e\000s}{subsection.6.2}% 28
\BOOKMARK [3][-]{subsubsection.6.2.5}{\376\377\000A\000\040\000Q\000u\000i\000c\000k\000\040\000N\000o\000t\000e}{subsection.6.2}% 29
\BOOKMARK [2][-]{subsection.6.3}{\376\377\000W\000h\000e\000r\000e\000\040\000W\000a\000s\000\040\000t\000h\000e\000\040\000G\000r\000a\000d\000i\000e\000n\000t\000?}{section.6}% 30
\BOOKMARK [1][-]{section.7}{\376\377\000D\000i\000v\000e\000r\000g\000e\000n\000t\000\040\000D\000e\000g\000e\000n\000e\000r\000a\000t\000e\000s}{}% 31
\BOOKMARK [2][-]{subsection.7.1}{\376\377\000R\000u\000n\000\040\000A\000w\000a\000y\000\040\000S\000t\000e\000p\000s}{section.7}% 32
\BOOKMARK [2][-]{subsection.7.2}{\376\377\000I\000n\000v\000i\000s\000i\000b\000l\000e\000\040\000W\000a\000l\000l\000s}{section.7}% 33
\BOOKMARK [2][-]{subsection.7.3}{\376\377\000I\000t\000'\000s\000\040\000A\000l\000i\000v\000e\000!}{section.7}% 34
\BOOKMARK [1][-]{section.8}{\376\377\000W\000e\000\040\000D\000i\000d\000\040\000a\000\040\000T\000h\000i\000n\000g}{}% 35
\BOOKMARK [1][-]{section.9}{\376\377\000W\000h\000a\000t\000'\000s\000\040\000G\000o\000i\000n\000g\000\040\000O\000n\000?}{}% 36
